mobile/build/outputs/mapping/release/seeds.txt
com.sigmabrio.penchi.binarywatch.R$anim: int abc_fade_in
com.sigmabrio.penchi.binarywatch.R$anim: int abc_fade_out
com.sigmabrio.penchi.binarywatch.R$anim: int abc_grow_fade_in_from_bottom
com.sigmabrio.penchi.binarywatch.R$anim: int abc_popup_enter
com.sigmabrio.penchi.binarywatch.R$anim: int abc_popup_exit
com.sigmabrio.penchi.binarywatch.R$anim: int abc_shrink_fade_out_from_bottom
com.sigmabrio.penchi.binarywatch.R$anim: int abc_slide_in_bottom
com.sigmabrio.penchi.binarywatch.R$anim: int abc_slide_in_top
com.sigmabrio.penchi.binarywatch.R$anim: int abc_slide_out_bottom
com.sigmabrio.penchi.binarywatch.R$anim: int abc_slide_out_top
com.sigmabrio.penchi.binarywatch.R$array: int cast_expanded_controller_default_control_buttons
com.sigmabrio.penchi.binarywatch.R$array: int cast_mini_controller_default_control_buttons
com.sigmabrio.penchi.binarywatch.R$attr: int actionBarDivider
com.sigmabrio.penchi.binarywatch.R$attr: int actionBarItemBackground
com.sigmabrio.penchi.binarywatch.R$attr: int actionBarPopupTheme
com.sigmabrio.penchi.binarywatch.R$attr: int actionBarSize
com.sigmabrio.penchi.binarywatch.R$attr: int actionBarSplitStyle
com.sigmabrio.penchi.binarywatch.R$attr: int actionBarStyle
com.sigmabrio.penchi.binarywatch.R$attr: int actionBarTabBarStyle
com.sigmabrio.penchi.binarywatch.R$attr: int actionBarTabStyle
com.sigmabrio.penchi.binarywatch.R$attr: int actionBarTabTextStyle
com.sigmabrio.penchi.binarywatch.R$attr: int actionBarTheme
com.sigmabrio.penchi.binarywatch.R$attr: int actionBarWidgetTheme
com.sigmabrio.penchi.binarywatch.R$attr: int actionButtonStyle
com.sigmabrio.penchi.binarywatch.R$attr: int actionDropDownStyle
com.sigmabrio.penchi.binarywatch.R$attr: int actionLayout
com.sigmabrio.penchi.binarywatch.R$attr: int actionMenuTextAppearance
com.sigmabrio.penchi.binarywatch.R$attr: int actionMenuTextColor
com.sigmabrio.penchi.binarywatch.R$attr: int actionModeBackground
com.sigmabrio.penchi.binarywatch.R$attr: int actionModeCloseButtonStyle
com.sigmabrio.penchi.binarywatch.R$attr: int actionModeCloseDrawable
com.sigmabrio.penchi.binarywatch.R$attr: int actionModeCopyDrawable
com.sigmabrio.penchi.binarywatch.R$attr: int actionModeCutDrawable
com.sigmabrio.penchi.binarywatch.R$attr: int actionModeFindDrawable
com.sigmabrio.penchi.binarywatch.R$bool: int abc_action_bar_embed_tabs
com.sigmabrio.penchi.binarywatch.R$bool: int abc_allow_stacked_button_bar
com.sigmabrio.penchi.binarywatch.R$bool: int abc_config_actionMenuItemAllCaps
com.sigmabrio.penchi.binarywatch.R$bool: int abc_config_closeDialogWhenTouchOutside
com.sigmabrio.penchi.binarywatch.R$bool: int abc_config_showMenuShortcutsWhenKeyboardPresent
...
com.google.android.gms.wallet.wobs.TextModuleData
com.google.android.gms.wallet.wobs.TextModuleData: android.os.Parcelable$Creator CREATOR
com.google.android.gms.wallet.wobs.TimeInterval
com.google.android.gms.wallet.wobs.TimeInterval: android.os.Parcelable$Creator CREATOR
com.google.android.gms.wallet.wobs.UriData
com.google.android.gms.wallet.wobs.UriData: android.os.Parcelable$Creator CREATOR
com.google.android.gms.wallet.wobs.WalletObjectMessage
com.google.android.gms.wallet.wobs.WalletObjectMessage: android.os.Parcelable$Creator CREATOR
com.google.android.gms.wearable.Asset
com.google.android.gms.wearable.Asset: android.os.Parcelable$Creator CREATOR
com.google.android.gms.wearable.Channel
com.google.android.gms.wearable.ConnectionConfiguration
com.google.android.gms.wearable.ConnectionConfiguration: android.os.Parcelable$Creator CREATOR
com.google.android.gms.wearable.PutDataRequest
com.google.android.gms.wearable.PutDataRequest: android.os.Parcelable$Creator CREATOR
com.google.android.gms.wearable.internal.AddListenerRequest
com.google.android.gms.wearable.internal.AddListenerRequest: android.os.Parcelable$Creator CREATOR
com.google.android.gms.wearable.internal.AddLocalCapabilityResponse
com.google.android.gms.wearable.internal.AddLocalCapabilityResponse: android.os.Parcelable$Creator CREATOR
com.google.android.gms.wearable.internal.AmsEntityUpdateParcelable
com.google.android.gms.wearable.internal.AmsEntityUpdateParcelable: android.os.Parcelable$Creator CREATOR
com.google.android.gms.wearable.internal.AncsNotificationParcelable
com.google.android.gms.wearable.internal.AncsNotificationParcelable: android.os.Parcelable$Creator CREATOR
com.google.android.gms.wearable.internal.CapabilityInfoParcelable
com.google.android.gms.wearable.internal.CapabilityInfoParcelable: android.os.Parcelable$Creator CREATOR
com.google.android.gms.wearable.internal.ChannelEventParcelable
com.google.android.gms.wearable.internal.ChannelEventParcelable: android.os.Parcelable$Creator CREATOR
com.google.android.gms.wearable.internal.ChannelImpl
com.google.android.gms.wearable.internal.ChannelImpl: android.os.Parcelable$Creator CREATOR
com.google.android.gms.wearable.internal.ChannelReceiveFileResponse
com.google.android.gms.wearable.internal.ChannelReceiveFileResponse: android.os.Parcelable$Creator CREATOR
com.google.android.gms.wearable.internal.ChannelSendFileResponse
com.google.android.gms.wearable.internal.ChannelSendFileResponse: android.os.Parcelable$Creator CREATOR
com.google.android.gms.wearable.internal.CloseChannelResponse
com.google.android.gms.wearable.internal.CloseChannelResponse: android.os.Parcelable$Creator CREATOR
com.google.android.gms.wearable.internal.DataItemAssetParcelable
com.google.android.gms.wearable.internal.DataItemAssetParcelable: android.os.Parcelable$Creator CREATOR
com.google.android.gms.wearable.internal.DataItemParcelable
com.google.android.gms.wearable.internal.DataItemParcelable: android.os.Parcelable$Creator CREATOR
com.google.android.gms.wearable.internal.DeleteDataItemsResponse
com.google.android.gms.wearable.internal.DeleteDataItemsResponse: android.os.Parcelable$Creator CREATOR
com.google.android.gms.wearable.internal.GetAllCapabilitiesResponse
com.google.android.gms.wearable.internal.GetAllCapabilitiesResponse: android.os.Parcelable$Creator CREATOR
com.google.android.gms.wearable.internal.GetCapabilityResponse
com.google.android.gms.wearable.internal.GetCapabilityResponse: android.os.Parcelable$Creator CREATOR
com.google.android.gms.wearable.internal.GetChannelInputStreamResponse
com.google.android.gms.wearable.internal.GetChannelInputStreamResponse: android.os.Parcelable$Creator CREATOR
com.google.android.gms.wearable.internal.GetChannelOutputStreamResponse
com.google.android.gms.wearable.internal.GetChannelOutputStreamResponse: android.os.Parcelable$Creator CREATOR