mobile/build/outputs/mapping/release/mapping.txt
com.sigmabrio.penchi.binarywatch.Settings -> com.sigmabrio.penchi.binarywatch.Settings:
    android.widget.RadioButton rbCuadrado -> m
    android.widget.RadioButton rbCirculo -> n
    android.widget.RadioButton rbNegro -> o
    android.widget.RadioButton rbBlanco -> p
    android.widget.ToggleButton tbSegundero -> q
    android.widget.ToggleButton tbFormato -> r
    android.widget.ToggleButton tbFecha -> s
    android.widget.ToggleButton tbAyuda -> t
    void <init>() -> <init>
    void onCreate(android.os.Bundle) -> onCreate
    void Inicializar() -> k
    void CambiarColor(android.view.View) -> CambiarColor
    void Figuras(android.view.View) -> Figuras
    void Fondo(android.view.View) -> Fondo
    void Segundero(android.view.View) -> Segundero
    void Formato(android.view.View) -> Formato
    void Fecha(android.view.View) -> Fecha
    void Ayuda(android.view.View) -> Ayuda
com.sigmabrio.penchi.binarywatch.Sincronizador -> com.sigmabrio.penchi.binarywatch.a:
    com.sigmabrio.penchi.binarywatch.Sincronizador ourInstance -> a
    com.google.android.gms.common.api.GoogleApiClient mGoogleApiClient -> b
    android.content.Context contexto -> c
    android.content.SharedPreferences config -> d
    com.google.android.gms.wearable.PutDataMapRequest pdmr -> e
    com.sigmabrio.penchi.binarywatch.Settings settings -> f
    com.sigmabrio.penchi.binarywatch.Sincronizador getInstance() -> a
    void <init>() -> <init>
    void IniciarGoogleApi(android.content.Context,com.sigmabrio.penchi.binarywatch.Settings) -> a
    void Peticion() -> b
    void Sincronizar() -> c
    void onDataChanged(com.google.android.gms.wearable.DataEventBuffer) -> a
    void <clinit>() -> <clinit>
com.sigmabrio.penchi.binarywatch.Sincronizador$1 -> com.sigmabrio.penchi.binarywatch.a$1:
    com.sigmabrio.penchi.binarywatch.Sincronizador this$0 -> a
    void <init>(com.sigmabrio.penchi.binarywatch.Sincronizador) -> <init>
    void onConnectionFailed(com.google.android.gms.common.ConnectionResult) -> a
com.sigmabrio.penchi.binarywatch.Sincronizador$2 -> com.sigmabrio.penchi.binarywatch.a$2:
    com.sigmabrio.penchi.binarywatch.Sincronizador this$0 -> a
    void <init>(com.sigmabrio.penchi.binarywatch.Sincronizador) -> <init>
    void onConnected(android.os.Bundle) -> a
    void onConnectionSuspended(int) -> a
com.sigmabrio.penchi.binarywatch.TextoEmergente -> com.sigmabrio.penchi.binarywatch.b:
    android.content.Context context -> a
    android.widget.Toast toast -> b
    void <init>(android.content.Context) -> <init>
    void MostrarTexto() -> a
    void SetText(java.lang.String) -> a
...
android.support.v4.util.SparseArrayCompat -> android.support.v4.f.i:
    java.lang.Object DELETED -> a
    boolean mGarbage -> b
    int[] mKeys -> c
    java.lang.Object[] mValues -> d
    int mSize -> e
    void <init>() -> <init>
    void <init>(int) -> <init>
    android.support.v4.util.SparseArrayCompat clone() -> a
    java.lang.Object get(int) -> a
    java.lang.Object get(int,java.lang.Object) -> a
    void delete(int) -> b
    void remove(int) -> c
    void gc() -> d
    void put(int,java.lang.Object) -> b
    int size() -> b
    int keyAt(int) -> d
    java.lang.Object valueAt(int) -> e
    int indexOfKey(int) -> f
    void clear() -> c
    java.lang.String toString() -> toString
    java.lang.Object clone() -> clone
    void <clinit>() -> <clinit>
android.support.v4.util.TimeUtils -> android.support.v4.f.j:
    java.lang.Object sFormatSync -> a
    char[] sFormatStr -> b
    int accumField(int,int,boolean,int) -> a
    int printField(char[],int,char,int,boolean,int) -> a
    int formatDurationLocked(long,int) -> a
    void formatDuration(long,java.io.PrintWriter,int) -> a
    void formatDuration(long,java.io.PrintWriter) -> a
    void formatDuration(long,long,java.io.PrintWriter) -> a
    void <clinit>() -> <clinit>
android.support.v4.view.AbsSavedState -> android.support.v4.view.AbsSavedState:
    android.support.v4.view.AbsSavedState EMPTY_STATE -> a
    android.os.Parcelable mSuperState -> b
    android.os.Parcelable$Creator CREATOR -> CREATOR
    void <init>() -> <init>
    void <init>(android.os.Parcelable) -> <init>
    void <init>(android.os.Parcel,java.lang.ClassLoader) -> <init>
    android.os.Parcelable getSuperState() -> a
    int describeContents() -> describeContents
    void writeToParcel(android.os.Parcel,int) -> writeToParcel
    void <init>(android.support.v4.view.AbsSavedState$1) -> <init>
    void <clinit>() -> <clinit>
android.support.v4.view.AbsSavedState$1 -> android.support.v4.view.AbsSavedState$1:
    void <init>() -> <init>
android.support.v4.view.AbsSavedState$2 -> android.support.v4.view.AbsSavedState$2:
    void <init>() -> <init>
    android.support.v4.view.AbsSavedState createFromParcel(android.os.Parcel,java.lang.ClassLoader) -> b
    android.support.v4.view.AbsSavedState[] newArray(int) -> b
    java.lang.Object[] newArray(int) -> a
    java.lang.Object createFromParcel(android.os.Parcel,java.lang.ClassLoader) -> a
android.support.v4.view.AccessibilityDelegateCompat -> android.support.v4.view.a:
    android.support.v4.view.AccessibilityDelegateCompat$AccessibilityDelegateImpl IMPL -> b
    java.lang.Object DEFAULT_DELEGATE -> c
    java.lang.Object mBridge -> a
    void <init>() -> <init>
    java.lang.Object getBridge() -> a
    void sendAccessibilityEvent(android.view.View,int) -> a
    void sendAccessibilityEventUnchecked(android.view.View,android.view.accessibility.AccessibilityEvent) -> a
    boolean dispatchPopulateAccessibilityEvent(android.view.View,android.view.accessibility.AccessibilityEvent) -> b
    void onPopulateAccessibilityEvent(android.view.View,android.view.accessibility.AccessibilityEvent) -> c
    void onInitializeAccessibilityEvent(android.view.View,android.view.accessibility.AccessibilityEvent) -> d
    void onInitializeAccessibilityNodeInfo(android.view.View,android.support.v4.view.accessibility.AccessibilityNodeInfoCompat) -> a
    boolean onRequestSendAccessibilityEvent(android.view.ViewGroup,android.view.View,android.view.accessibility.AccessibilityEvent) -> a
    android.support.v4.view.accessibility.AccessibilityNodeProviderCompat getAccessibilityNodeProvider(android.view.View) -> a
    boolean performAccessibilityAction(android.view.View,int,android.os.Bundle) -> a
    void <clinit>() -> <clinit>