mobile/build/outputs/mapping/release/usage.txt
com.sigmabrio.penchi.binarywatch.BuildConfig
com.sigmabrio.penchi.binarywatch.Manifest
com.sigmabrio.penchi.binarywatch.Manifest$permission
com.sigmabrio.penchi.binarywatch.R
com.sigmabrio.penchi.binarywatch.R$anim
com.sigmabrio.penchi.binarywatch.R$array
com.sigmabrio.penchi.binarywatch.R$attr
com.sigmabrio.penchi.binarywatch.R$bool
com.sigmabrio.penchi.binarywatch.R$color
com.sigmabrio.penchi.binarywatch.R$dimen
com.sigmabrio.penchi.binarywatch.R$drawable
com.sigmabrio.penchi.binarywatch.R$id
com.sigmabrio.penchi.binarywatch.R$integer
com.sigmabrio.penchi.binarywatch.R$layout
com.sigmabrio.penchi.binarywatch.R$mipmap
com.sigmabrio.penchi.binarywatch.R$raw
com.sigmabrio.penchi.binarywatch.R$string
com.sigmabrio.penchi.binarywatch.R$style
com.sigmabrio.penchi.binarywatch.R$styleable
com.sigmabrio.penchi.binarywatch.R$xml
com.sigmabrio.penchi.binarywatch.TextoEmergente:
    21:25:public TextoEmergente(android.content.Context,java.lang.String)
...
com.google.android.gms.internal.zzmh$zza$zza
com.google.android.gms.internal.zzmi
com.google.android.gms.internal.zzmi$zza
com.google.android.gms.internal.zzmi$zza$zza
com.google.android.gms.internal.zzmj
com.google.android.gms.internal.zzmk
com.google.android.gms.internal.zzml
com.google.android.gms.internal.zzmm
com.google.android.gms.internal.zzmm$1
com.google.android.gms.internal.zzmm$zza
com.google.android.gms.internal.zzmm$zzb
com.google.android.gms.internal.zzmm$zzc
com.google.android.gms.internal.zzmm$zzd
com.google.android.gms.internal.zzmn
com.google.android.gms.internal.zzmn$zza
com.google.android.gms.internal.zzmn$zzb
com.google.android.gms.internal.zzmn$zzc
com.google.android.gms.internal.zzmn$zzc$1
com.google.android.gms.internal.zzmn$zzd
com.google.android.gms.internal.zzmn$zzd$1
com.google.android.gms.internal.zzmn$zze
com.google.android.gms.internal.zzmn$zze$1
com.google.android.gms.internal.zzmo
com.google.android.gms.internal.zzmp
com.google.android.gms.internal.zzmq
com.google.android.gms.internal.zzmq$zza
com.google.android.gms.internal.zzmq$zza$zza
com.google.android.gms.internal.zzmr
com.google.android.gms.internal.zzmr$zza
com.google.android.gms.internal.zzmr$zza$zza
com.google.android.gms.internal.zzms
com.google.android.gms.internal.zzms$1
com.google.android.gms.internal.zzms$2
com.google.android.gms.internal.zzms$2$1
com.google.android.gms.internal.zzms$3
com.google.android.gms.internal.zzms$3$1
com.google.android.gms.internal.zzms$zza
com.google.android.gms.internal.zzms$zzb
com.google.android.gms.internal.zzms$zzc
com.google.android.gms.internal.zzmt
com.google.android.gms.internal.zzmz
com.google.android.gms.internal.zznb$zza:
    public zznb$zza()
com.google.android.gms.internal.zznd
com.google.android.gms.internal.zzne:
    public com.google.android.gms.common.api.PendingResult performProxyRequest(com.google.android.gms.common.api.GoogleApiClient,com.google.android.gms.auth.api.proxy.ProxyRequest)
com.google.android.gms.internal.zzne$1
com.google.android.gms.internal.zzne$1$1
com.google.android.gms.internal.zznf
com.google.android.gms.internal.zzng
com.google.android.gms.internal.zznh
com.google.android.gms.internal.zzno
com.google.android.gms.internal.zzno$1
com.google.android.gms.internal.zzno$1$1
com.google.android.gms.internal.zzno$1$2
com.google.android.gms.internal.zznp
com.google.android.gms.internal.zznp$1
com.google.android.gms.internal.zznp$1$1
com.google.android.gms.internal.zznp$zza
com.google.android.gms.internal.zznw
com.google.android.gms.internal.zznw$1
com.google.android.gms.internal.zznx
com.google.android.gms.internal.zznx$1
com.google.android.gms.internal.zzny
com.google.android.gms.internal.zzny$1
com.google.android.gms.internal.zznz
com.google.android.gms.internal.zznz$1
com.google.android.gms.internal.zzoa
com.google.android.gms.internal.zzob
com.google.android.gms.internal.zzoc
com.google.android.gms.internal.zzod
com.google.android.gms.internal.zzod$1
com.google.android.gms.internal.zzod$2
com.google.android.gms.internal.zzoe
com.google.android.gms.internal.zzoe$1
com.google.android.gms.internal.zzof
com.google.android.gms.internal.zzog
com.google.android.gms.internal.zzog$1
com.google.android.gms.internal.zzoh
com.google.android.gms.internal.zzoh$1
com.google.android.gms.internal.zzoi
com.google.android.gms.internal.zzoi$1
com.google.android.gms.internal.zzoj
com.google.android.gms.internal.zzoj$1
com.google.android.gms.internal.zzok
com.google.android.gms.internal.zzol
com.google.android.gms.internal.zzom
com.google.android.gms.internal.zzon
com.google.android.gms.internal.zzoo
com.google.android.gms.internal.zzoo$1
com.google.android.gms.internal.zzoo$1$1
com.google.android.gms.internal.zzoo$2
com.google.android.gms.internal.zzoo$3
com.google.android.gms.internal.zzoo$4
com.google.android.gms.internal.zzoo$zza
com.google.android.gms.internal.zzoo$zza$1
com.google.android.gms.internal.zzoo$zzb
com.google.android.gms.internal.zzoo$zzc